2018-08-08 09:52:44.961  INFO 11048 --- [main] com.me.DataresearchApplication           : Starting DataresearchApplication on DESKTOP-V99GRQQ with PID 11048 (D:\IDEAProj\dataresearch\target\classes started by zc825 in D:\IDEAProj\dataresearch)
2018-08-08 09:52:45.002  INFO 11048 --- [main] com.me.DataresearchApplication           : No active profile set, falling back to default profiles: default
2018-08-08 09:52:45.145  INFO 11048 --- [main] ConfigServletWebServerApplicationContext : Refreshing org.springframework.boot.web.servlet.context.AnnotationConfigServletWebServerApplicationContext@131774fe: startup date [Wed Aug 08 09:52:45 CST 2018]; root of context hierarchy
2018-08-08 09:52:46.282  WARN 11048 --- [main] o.m.s.mapper.ClassPathMapperScanner      : Skipping MapperFactoryBean with name 'researchDao' and 'com.me.dao.ResearchDao' mapperInterface. Bean already defined with the same name!
2018-08-08 09:52:46.282  WARN 11048 --- [main] o.m.s.mapper.ClassPathMapperScanner      : No MyBatis mapper was found in '[com.me.dao]' package. Please check your configuration.
2018-08-08 09:52:47.788  INFO 11048 --- [main] o.s.b.w.embedded.tomcat.TomcatWebServer  : Tomcat initialized with port(s): 8080 (http)
2018-08-08 09:52:47.836  INFO 11048 --- [main] o.apache.catalina.core.StandardService   : Starting service [Tomcat]
2018-08-08 09:52:47.836  INFO 11048 --- [main] org.apache.catalina.core.StandardEngine  : Starting Servlet Engine: Apache Tomcat/8.5.31
2018-08-08 09:52:47.836  INFO 11048 --- [localhost-startStop-1] o.a.catalina.core.AprLifecycleListener   : The APR based Apache Tomcat Native library which allows optimal performance in production environments was not found on the java.library.path: [D:\jdk1.8.0_77\bin;C:\WINDOWS\Sun\Java\bin;C:\WINDOWS\system32;C:\WINDOWS;C:\Users\zc825\AppData\Local\Programs\Python\Python36\Scripts\;C:\Users\zc825\AppData\Local\Programs\Python\Python36\;C:\Program Files\Java\jdk1.7.0_80\bin;C:\Program Files\Java\jdk1.7.0_80\jre\bin;C:\WINDOWS\system32;C:\WINDOWS;C:\WINDOWS\System32\Wbem;C:\WINDOWS\System32\WindowsPowerShell\v1.0\;C:\Program Files (x86)\MySQL\MySQL Server 5.1\bin;D:\apache-maven-3.5.2\bin;D:\phantomjs;C:\Program Files (x86)\Tesseract-OCR;C:\Program Files\nodejs\;C:\Program Files\Git\cmd;C:\WINDOWS\System32\OpenSSH\;C:\Python27;C:\Python27\scripts;C:\Python35;C:\Python36\Scripts\;C:\Python36\;C:\Users\zc825\AppData\Local\Microsoft\WindowsApps;C:\Users\zc825\AppData\Local\Programs\Fiddler;C:\Users\zc825\AppData\Roaming\npm;C:\Users\zc825\AppData\Local\Microsoft\WindowsApps;C:\Users\zc825\AppData\Local\GitHubDesktop\bin;.]
2018-08-08 09:52:48.126  INFO 11048 --- [localhost-startStop-1] o.a.c.c.C.[Tomcat].[localhost].[/]       : Initializing Spring embedded WebApplicationContext
2018-08-08 09:52:48.126  INFO 11048 --- [localhost-startStop-1] o.s.web.context.ContextLoader            : Root WebApplicationContext: initialization completed in 2981 ms
2018-08-08 09:52:48.351  INFO 11048 --- [localhost-startStop-1] o.s.b.w.servlet.ServletRegistrationBean  : Servlet dispatcherServlet mapped to [/]
2018-08-08 09:52:48.368  INFO 11048 --- [localhost-startStop-1] o.s.b.w.servlet.FilterRegistrationBean   : Mapping filter: 'characterEncodingFilter' to: [/*]
2018-08-08 09:52:48.368  INFO 11048 --- [localhost-startStop-1] o.s.b.w.servlet.FilterRegistrationBean   : Mapping filter: 'hiddenHttpMethodFilter' to: [/*]
2018-08-08 09:52:48.368  INFO 11048 --- [localhost-startStop-1] o.s.b.w.servlet.FilterRegistrationBean   : Mapping filter: 'httpPutFormContentFilter' to: [/*]
2018-08-08 09:52:48.368  INFO 11048 --- [localhost-startStop-1] o.s.b.w.servlet.FilterRegistrationBean   : Mapping filter: 'requestContextFilter' to: [/*]
2018-08-08 09:52:49.212  INFO 11048 --- [main] o.s.w.s.handler.SimpleUrlHandlerMapping  : Mapped URL path [/**/favicon.ico] onto handler of type [class org.springframework.web.servlet.resource.ResourceHttpRequestHandler]
2018-08-08 09:52:49.499  INFO 11048 --- [main] s.w.s.m.m.a.RequestMappingHandlerAdapter : Looking for @ControllerAdvice: org.springframework.boot.web.servlet.context.AnnotationConfigServletWebServerApplicationContext@131774fe: startup date [Wed Aug 08 09:52:45 CST 2018]; root of context hierarchy
2018-08-08 09:52:49.626  INFO 11048 --- [main] s.w.s.m.m.a.RequestMappingHandlerMapping : Mapped "{[/index],methods=[GET]}" onto public org.springframework.web.servlet.ModelAndView com.me.controller.ResearchController.index()
2018-08-08 09:52:49.626  INFO 11048 --- [main] s.w.s.m.m.a.RequestMappingHandlerMapping : Mapped "{[/research],methods=[GET]}" onto public org.springframework.web.servlet.ModelAndView com.me.controller.ResearchController.research(java.lang.String)
2018-08-08 09:52:49.626  INFO 11048 --- [main] s.w.s.m.m.a.RequestMappingHandlerMapping : Mapped "{[/upload],methods=[POST]}" onto public org.springframework.web.servlet.ModelAndView com.me.controller.ResearchController.upload(org.springframework.web.multipart.MultipartFile[],javax.servlet.http.HttpServletRequest) throws java.io.IOException
2018-08-08 09:52:49.626  INFO 11048 --- [main] s.w.s.m.m.a.RequestMappingHandlerMapping : Mapped "{[/index1]}" onto public java.lang.String com.me.controller.ResearchController.index1()
2018-08-08 09:52:49.646  INFO 11048 --- [main] s.w.s.m.m.a.RequestMappingHandlerMapping : Mapped "{[/error]}" onto public org.springframework.http.ResponseEntity<java.util.Map<java.lang.String, java.lang.Object>> org.springframework.boot.autoconfigure.web.servlet.error.BasicErrorController.error(javax.servlet.http.HttpServletRequest)
2018-08-08 09:52:49.646  INFO 11048 --- [main] s.w.s.m.m.a.RequestMappingHandlerMapping : Mapped "{[/error],produces=[text/html]}" onto public org.springframework.web.servlet.ModelAndView org.springframework.boot.autoconfigure.web.servlet.error.BasicErrorController.errorHtml(javax.servlet.http.HttpServletRequest,javax.servlet.http.HttpServletResponse)
2018-08-08 09:52:49.708  INFO 11048 --- [main] o.s.w.s.handler.SimpleUrlHandlerMapping  : Mapped URL path [/webjars/**] onto handler of type [class org.springframework.web.servlet.resource.ResourceHttpRequestHandler]
2018-08-08 09:52:49.718  INFO 11048 --- [main] o.s.w.s.handler.SimpleUrlHandlerMapping  : Mapped URL path [/**] onto handler of type [class org.springframework.web.servlet.resource.ResourceHttpRequestHandler]
2018-08-08 09:52:50.002  INFO 11048 --- [main] o.s.b.a.w.s.WelcomePageHandlerMapping    : Adding welcome page template: index
2018-08-08 09:52:50.269  INFO 11048 --- [main] o.s.j.e.a.AnnotationMBeanExporter        : Registering beans for JMX exposure on startup
2018-08-08 09:52:50.269  INFO 11048 --- [main] o.s.j.e.a.AnnotationMBeanExporter        : Bean with name 'dataSource' has been autodetected for JMX exposure
2018-08-08 09:52:50.269  INFO 11048 --- [main] o.s.j.e.a.AnnotationMBeanExporter        : Located MBean 'dataSource': registering with JMX server as MBean [com.alibaba.druid.pool:name=dataSource,type=DruidDataSource]
2018-08-08 09:52:50.341  INFO 11048 --- [main] o.s.b.w.embedded.tomcat.TomcatWebServer  : Tomcat started on port(s): 8080 (http) with context path ''
2018-08-08 09:52:50.341  INFO 11048 --- [main] com.me.DataresearchApplication           : Started DataresearchApplication in 6.435 seconds (JVM running for 7.754)
2018-08-08 09:53:15.212  INFO 11048 --- [http-nio-8080-exec-1] o.a.c.c.C.[Tomcat].[localhost].[/]       : Initializing Spring FrameworkServlet 'dispatcherServlet'
2018-08-08 09:53:15.213  INFO 11048 --- [http-nio-8080-exec-1] o.s.web.servlet.DispatcherServlet        : FrameworkServlet 'dispatcherServlet': initialization started
2018-08-08 09:53:15.258  INFO 11048 --- [http-nio-8080-exec-1] o.s.web.servlet.DispatcherServlet        : FrameworkServlet 'dispatcherServlet': initialization completed in 45 ms
2018-08-08 10:21:01.324  INFO 4872 --- [main] com.me.DataresearchApplication           : Starting DataresearchApplication on DESKTOP-V99GRQQ with PID 4872 (D:\IDEAProj\dataresearch\target\classes started by zc825 in D:\IDEAProj\dataresearch)
2018-08-08 10:21:01.331  INFO 4872 --- [main] com.me.DataresearchApplication           : No active profile set, falling back to default profiles: default
2018-08-08 10:21:01.507  INFO 4872 --- [main] ConfigServletWebServerApplicationContext : Refreshing org.springframework.boot.web.servlet.context.AnnotationConfigServletWebServerApplicationContext@131774fe: startup date [Wed Aug 08 10:21:01 CST 2018]; root of context hierarchy
2018-08-08 10:21:03.057  WARN 4872 --- [main] o.m.s.mapper.ClassPathMapperScanner      : Skipping MapperFactoryBean with name 'researchDao' and 'com.me.dao.ResearchDao' mapperInterface. Bean already defined with the same name!
2018-08-08 10:21:03.058  WARN 4872 --- [main] o.m.s.mapper.ClassPathMapperScanner      : No MyBatis mapper was found in '[com.me.dao]' package. Please check your configuration.
2018-08-08 10:21:04.504  INFO 4872 --- [main] o.s.b.w.embedded.tomcat.TomcatWebServer  : Tomcat initialized with port(s): 8080 (http)
2018-08-08 10:21:04.567  INFO 4872 --- [main] o.apache.catalina.core.StandardService   : Starting service [Tomcat]
2018-08-08 10:21:04.568  INFO 4872 --- [main] org.apache.catalina.core.StandardEngine  : Starting Servlet Engine: Apache Tomcat/8.5.31
2018-08-08 10:21:04.588  INFO 4872 --- [localhost-startStop-1] o.a.catalina.core.AprLifecycleListener   : The APR based Apache Tomcat Native library which allows optimal performance in production environments was not found on the java.library.path: [D:\jdk1.8.0_77\bin;C:\WINDOWS\Sun\Java\bin;C:\WINDOWS\system32;C:\WINDOWS;C:\Users\zc825\AppData\Local\Programs\Python\Python36\Scripts\;C:\Users\zc825\AppData\Local\Programs\Python\Python36\;C:\Program Files\Java\jdk1.7.0_80\bin;C:\Program Files\Java\jdk1.7.0_80\jre\bin;C:\WINDOWS\system32;C:\WINDOWS;C:\WINDOWS\System32\Wbem;C:\WINDOWS\System32\WindowsPowerShell\v1.0\;C:\Program Files (x86)\MySQL\MySQL Server 5.1\bin;D:\apache-maven-3.5.2\bin;D:\phantomjs;C:\Program Files (x86)\Tesseract-OCR;C:\Program Files\nodejs\;C:\Program Files\Git\cmd;C:\WINDOWS\System32\OpenSSH\;C:\Python27;C:\Python27\scripts;C:\Python35;C:\Python36\Scripts\;C:\Python36\;C:\Users\zc825\AppData\Local\Microsoft\WindowsApps;C:\Users\zc825\AppData\Local\Programs\Fiddler;C:\Users\zc825\AppData\Roaming\npm;C:\Users\zc825\AppData\Local\Microsoft\WindowsApps;C:\Users\zc825\AppData\Local\GitHubDesktop\bin;.]
2018-08-08 10:21:04.812  INFO 4872 --- [localhost-startStop-1] o.a.c.c.C.[Tomcat].[localhost].[/]       : Initializing Spring embedded WebApplicationContext
2018-08-08 10:21:04.812  INFO 4872 --- [localhost-startStop-1] o.s.web.context.ContextLoader            : Root WebApplicationContext: initialization completed in 3305 ms
2018-08-08 10:21:05.026  INFO 4872 --- [localhost-startStop-1] o.s.b.w.servlet.ServletRegistrationBean  : Servlet dispatcherServlet mapped to [/]
2018-08-08 10:21:05.034  INFO 4872 --- [localhost-startStop-1] o.s.b.w.servlet.FilterRegistrationBean   : Mapping filter: 'characterEncodingFilter' to: [/*]
2018-08-08 10:21:05.035  INFO 4872 --- [localhost-startStop-1] o.s.b.w.servlet.FilterRegistrationBean   : Mapping filter: 'hiddenHttpMethodFilter' to: [/*]
2018-08-08 10:21:05.035  INFO 4872 --- [localhost-startStop-1] o.s.b.w.servlet.FilterRegistrationBean   : Mapping filter: 'httpPutFormContentFilter' to: [/*]
2018-08-08 10:21:05.035  INFO 4872 --- [localhost-startStop-1] o.s.b.w.servlet.FilterRegistrationBean   : Mapping filter: 'requestContextFilter' to: [/*]
2018-08-08 10:21:05.947  INFO 4872 --- [main] o.s.w.s.handler.SimpleUrlHandlerMapping  : Mapped URL path [/**/favicon.ico] onto handler of type [class org.springframework.web.servlet.resource.ResourceHttpRequestHandler]
2018-08-08 10:21:06.253  INFO 4872 --- [main] s.w.s.m.m.a.RequestMappingHandlerAdapter : Looking for @ControllerAdvice: org.springframework.boot.web.servlet.context.AnnotationConfigServletWebServerApplicationContext@131774fe: startup date [Wed Aug 08 10:21:01 CST 2018]; root of context hierarchy
2018-08-08 10:21:06.372  INFO 4872 --- [main] s.w.s.m.m.a.RequestMappingHandlerMapping : Mapped "{[/index],methods=[GET]}" onto public org.springframework.web.servlet.ModelAndView com.me.controller.ResearchController.index()
2018-08-08 10:21:06.373  INFO 4872 --- [main] s.w.s.m.m.a.RequestMappingHandlerMapping : Mapped "{[/index1]}" onto public java.lang.String com.me.controller.ResearchController.index1()
2018-08-08 10:21:06.374  INFO 4872 --- [main] s.w.s.m.m.a.RequestMappingHandlerMapping : Mapped "{[/upload],methods=[POST]}" onto public org.springframework.web.servlet.ModelAndView com.me.controller.ResearchController.upload(org.springframework.web.multipart.MultipartFile[],javax.servlet.http.HttpServletRequest) throws java.io.IOException
2018-08-08 10:21:06.374  INFO 4872 --- [main] s.w.s.m.m.a.RequestMappingHandlerMapping : Mapped "{[/research],methods=[GET]}" onto public org.springframework.web.servlet.ModelAndView com.me.controller.ResearchController.research(java.lang.String)
2018-08-08 10:21:06.381  INFO 4872 --- [main] s.w.s.m.m.a.RequestMappingHandlerMapping : Mapped "{[/error]}" onto public org.springframework.http.ResponseEntity<java.util.Map<java.lang.String, java.lang.Object>> org.springframework.boot.autoconfigure.web.servlet.error.BasicErrorController.error(javax.servlet.http.HttpServletRequest)
2018-08-08 10:21:06.382  INFO 4872 --- [main] s.w.s.m.m.a.RequestMappingHandlerMapping : Mapped "{[/error],produces=[text/html]}" onto public org.springframework.web.servlet.ModelAndView org.springframework.boot.autoconfigure.web.servlet.error.BasicErrorController.errorHtml(javax.servlet.http.HttpServletRequest,javax.servlet.http.HttpServletResponse)
2018-08-08 10:21:06.422  INFO 4872 --- [main] o.s.w.s.handler.SimpleUrlHandlerMapping  : Mapped URL path [/webjars/**] onto handler of type [class org.springframework.web.servlet.resource.ResourceHttpRequestHandler]
2018-08-08 10:21:06.422  INFO 4872 --- [main] o.s.w.s.handler.SimpleUrlHandlerMapping  : Mapped URL path [/**] onto handler of type [class org.springframework.web.servlet.resource.ResourceHttpRequestHandler]
2018-08-08 10:21:06.641  INFO 4872 --- [main] o.s.b.a.w.s.WelcomePageHandlerMapping    : Adding welcome page template: index
2018-08-08 10:21:06.908  INFO 4872 --- [main] o.s.j.e.a.AnnotationMBeanExporter        : Registering beans for JMX exposure on startup
2018-08-08 10:21:06.909  INFO 4872 --- [main] o.s.j.e.a.AnnotationMBeanExporter        : Bean with name 'dataSource' has been autodetected for JMX exposure
2018-08-08 10:21:06.922  INFO 4872 --- [main] o.s.j.e.a.AnnotationMBeanExporter        : Located MBean 'dataSource': registering with JMX server as MBean [com.alibaba.druid.pool:name=dataSource,type=DruidDataSource]
2018-08-08 10:21:06.985  INFO 4872 --- [main] o.s.b.w.embedded.tomcat.TomcatWebServer  : Tomcat started on port(s): 8080 (http) with context path ''
2018-08-08 10:21:06.992  INFO 4872 --- [main] com.me.DataresearchApplication           : Started DataresearchApplication in 6.551 seconds (JVM running for 7.488)
2018-08-08 10:21:15.127  INFO 4872 --- [http-nio-8080-exec-1] o.a.c.c.C.[Tomcat].[localhost].[/]       : Initializing Spring FrameworkServlet 'dispatcherServlet'
2018-08-08 10:21:15.128  INFO 4872 --- [http-nio-8080-exec-1] o.s.web.servlet.DispatcherServlet        : FrameworkServlet 'dispatcherServlet': initialization started
2018-08-08 10:21:15.165  INFO 4872 --- [http-nio-8080-exec-1] o.s.web.servlet.DispatcherServlet        : FrameworkServlet 'dispatcherServlet': initialization completed in 37 ms
2018-08-08 10:21:42.577  INFO 8592 --- [main] com.me.DataresearchApplication           : Starting DataresearchApplication on DESKTOP-V99GRQQ with PID 8592 (D:\IDEAProj\dataresearch\target\classes started by zc825 in D:\IDEAProj\dataresearch)
2018-08-08 10:21:42.582  INFO 8592 --- [main] com.me.DataresearchApplication           : No active profile set, falling back to default profiles: default
2018-08-08 10:21:42.809  INFO 8592 --- [main] ConfigServletWebServerApplicationContext : Refreshing org.springframework.boot.web.servlet.context.AnnotationConfigServletWebServerApplicationContext@131774fe: startup date [Wed Aug 08 10:21:42 CST 2018]; root of context hierarchy
2018-08-08 10:21:45.398  WARN 8592 --- [main] o.m.s.mapper.ClassPathMapperScanner      : Skipping MapperFactoryBean with name 'researchDao' and 'com.me.dao.ResearchDao' mapperInterface. Bean already defined with the same name!
2018-08-08 10:21:45.398  WARN 8592 --- [main] o.m.s.mapper.ClassPathMapperScanner      : No MyBatis mapper was found in '[com.me.dao]' package. Please check your configuration.
2018-08-08 10:21:46.839  INFO 8592 --- [main] o.s.b.w.embedded.tomcat.TomcatWebServer  : Tomcat initialized with port(s): 8080 (http)
2018-08-08 10:21:46.882  INFO 8592 --- [main] o.apache.catalina.core.StandardService   : Starting service [Tomcat]
2018-08-08 10:21:46.883  INFO 8592 --- [main] org.apache.catalina.core.StandardEngine  : Starting Servlet Engine: Apache Tomcat/8.5.31
2018-08-08 10:21:46.897  INFO 8592 --- [localhost-startStop-1] o.a.catalina.core.AprLifecycleListener   : The APR based Apache Tomcat Native library which allows optimal performance in production environments was not found on the java.library.path: [D:\jdk1.8.0_77\bin;C:\WINDOWS\Sun\Java\bin;C:\WINDOWS\system32;C:\WINDOWS;C:\Users\zc825\AppData\Local\Programs\Python\Python36\Scripts\;C:\Users\zc825\AppData\Local\Programs\Python\Python36\;C:\Program Files\Java\jdk1.7.0_80\bin;C:\Program Files\Java\jdk1.7.0_80\jre\bin;C:\WINDOWS\system32;C:\WINDOWS;C:\WINDOWS\System32\Wbem;C:\WINDOWS\System32\WindowsPowerShell\v1.0\;C:\Program Files (x86)\MySQL\MySQL Server 5.1\bin;D:\apache-maven-3.5.2\bin;D:\phantomjs;C:\Program Files (x86)\Tesseract-OCR;C:\Program Files\nodejs\;C:\Program Files\Git\cmd;C:\WINDOWS\System32\OpenSSH\;C:\Python27;C:\Python27\scripts;C:\Python35;C:\Python36\Scripts\;C:\Python36\;C:\Users\zc825\AppData\Local\Microsoft\WindowsApps;C:\Users\zc825\AppData\Local\Programs\Fiddler;C:\Users\zc825\AppData\Roaming\npm;C:\Users\zc825\AppData\Local\Microsoft\WindowsApps;C:\Users\zc825\AppData\Local\GitHubDesktop\bin;.]
2018-08-08 10:21:47.189  INFO 8592 --- [localhost-startStop-1] o.a.c.c.C.[Tomcat].[localhost].[/]       : Initializing Spring embedded WebApplicationContext
2018-08-08 10:21:47.190  INFO 8592 --- [localhost-startStop-1] o.s.web.context.ContextLoader            : Root WebApplicationContext: initialization completed in 4381 ms
2018-08-08 10:21:47.432  INFO 8592 --- [localhost-startStop-1] o.s.b.w.servlet.ServletRegistrationBean  : Servlet dispatcherServlet mapped to [/]
2018-08-08 10:21:47.440  INFO 8592 --- [localhost-startStop-1] o.s.b.w.servlet.FilterRegistrationBean   : Mapping filter: 'characterEncodingFilter' to: [/*]
2018-08-08 10:21:47.441  INFO 8592 --- [localhost-startStop-1] o.s.b.w.servlet.FilterRegistrationBean   : Mapping filter: 'hiddenHttpMethodFilter' to: [/*]
2018-08-08 10:21:47.441  INFO 8592 --- [localhost-startStop-1] o.s.b.w.servlet.FilterRegistrationBean   : Mapping filter: 'httpPutFormContentFilter' to: [/*]
2018-08-08 10:21:47.441  INFO 8592 --- [localhost-startStop-1] o.s.b.w.servlet.FilterRegistrationBean   : Mapping filter: 'requestContextFilter' to: [/*]
2018-08-08 10:21:48.283  INFO 8592 --- [main] o.s.w.s.handler.SimpleUrlHandlerMapping  : Mapped URL path [/**/favicon.ico] onto handler of type [class org.springframework.web.servlet.resource.ResourceHttpRequestHandler]
2018-08-08 10:21:48.576  INFO 8592 --- [main] s.w.s.m.m.a.RequestMappingHandlerAdapter : Looking for @ControllerAdvice: org.springframework.boot.web.servlet.context.AnnotationConfigServletWebServerApplicationContext@131774fe: startup date [Wed Aug 08 10:21:42 CST 2018]; root of context hierarchy
2018-08-08 10:21:48.669  INFO 8592 --- [main] s.w.s.m.m.a.RequestMappingHandlerMapping : Mapped "{[/index],methods=[GET]}" onto public org.springframework.web.servlet.ModelAndView com.me.controller.ResearchController.index()
2018-08-08 10:21:48.671  INFO 8592 --- [main] s.w.s.m.m.a.RequestMappingHandlerMapping : Mapped "{[/index1]}" onto public java.lang.String com.me.controller.ResearchController.index1()
2018-08-08 10:21:48.672  INFO 8592 --- [main] s.w.s.m.m.a.RequestMappingHandlerMapping : Mapped "{[/upload],methods=[POST]}" onto public org.springframework.web.servlet.ModelAndView com.me.controller.ResearchController.upload(org.springframework.web.multipart.MultipartFile[],javax.servlet.http.HttpServletRequest) throws java.io.IOException
2018-08-08 10:21:48.672  INFO 8592 --- [main] s.w.s.m.m.a.RequestMappingHandlerMapping : Mapped "{[/research],methods=[GET]}" onto public org.springframework.web.servlet.ModelAndView com.me.controller.ResearchController.research(java.lang.String)
2018-08-08 10:21:48.677  INFO 8592 --- [main] s.w.s.m.m.a.RequestMappingHandlerMapping : Mapped "{[/error]}" onto public org.springframework.http.ResponseEntity<java.util.Map<java.lang.String, java.lang.Object>> org.springframework.boot.autoconfigure.web.servlet.error.BasicErrorController.error(javax.servlet.http.HttpServletRequest)
2018-08-08 10:21:48.678  INFO 8592 --- [main] s.w.s.m.m.a.RequestMappingHandlerMapping : Mapped "{[/error],produces=[text/html]}" onto public org.springframework.web.servlet.ModelAndView org.springframework.boot.autoconfigure.web.servlet.error.BasicErrorController.errorHtml(javax.servlet.http.HttpServletRequest,javax.servlet.http.HttpServletResponse)
2018-08-08 10:21:48.714  INFO 8592 --- [main] o.s.w.s.handler.SimpleUrlHandlerMapping  : Mapped URL path [/webjars/**] onto handler of type [class org.springframework.web.servlet.resource.ResourceHttpRequestHandler]
2018-08-08 10:21:48.714  INFO 8592 --- [main] o.s.w.s.handler.SimpleUrlHandlerMapping  : Mapped URL path [/**] onto handler of type [class org.springframework.web.servlet.resource.ResourceHttpRequestHandler]
2018-08-08 10:21:48.937  INFO 8592 --- [main] o.s.b.a.w.s.WelcomePageHandlerMapping    : Adding welcome page template: index
2018-08-08 10:21:49.211  INFO 8592 --- [main] o.s.j.e.a.AnnotationMBeanExporter        : Registering beans for JMX exposure on startup
2018-08-08 10:21:49.214  INFO 8592 --- [main] o.s.j.e.a.AnnotationMBeanExporter        : Bean with name 'dataSource' has been autodetected for JMX exposure
2018-08-08 10:21:49.222  INFO 8592 --- [main] o.s.j.e.a.AnnotationMBeanExporter        : Located MBean 'dataSource': registering with JMX server as MBean [com.alibaba.druid.pool:name=dataSource,type=DruidDataSource]
2018-08-08 10:21:49.275  INFO 8592 --- [main] o.s.b.w.embedded.tomcat.TomcatWebServer  : Tomcat started on port(s): 8080 (http) with context path ''
2018-08-08 10:21:49.281  INFO 8592 --- [main] com.me.DataresearchApplication           : Started DataresearchApplication in 7.561 seconds (JVM running for 8.561)
2018-08-08 10:21:51.824  INFO 8592 --- [http-nio-8080-exec-1] o.a.c.c.C.[Tomcat].[localhost].[/]       : Initializing Spring FrameworkServlet 'dispatcherServlet'
2018-08-08 10:21:51.825  INFO 8592 --- [http-nio-8080-exec-1] o.s.web.servlet.DispatcherServlet        : FrameworkServlet 'dispatcherServlet': initialization started
2018-08-08 10:21:51.862  INFO 8592 --- [http-nio-8080-exec-1] o.s.web.servlet.DispatcherServlet        : FrameworkServlet 'dispatcherServlet': initialization completed in 37 ms
2018-08-08 10:22:29.611  INFO 4980 --- [main] com.me.DataresearchApplication           : Starting DataresearchApplication on DESKTOP-V99GRQQ with PID 4980 (D:\IDEAProj\dataresearch\target\classes started by zc825 in D:\IDEAProj\dataresearch)
2018-08-08 10:22:29.619  INFO 4980 --- [main] com.me.DataresearchApplication           : No active profile set, falling back to default profiles: default
2018-08-08 10:22:29.750  INFO 4980 --- [main] ConfigServletWebServerApplicationContext : Refreshing org.springframework.boot.web.servlet.context.AnnotationConfigServletWebServerApplicationContext@131774fe: startup date [Wed Aug 08 10:22:29 CST 2018]; root of context hierarchy
2018-08-08 10:22:30.908  WARN 4980 --- [main] o.m.s.mapper.ClassPathMapperScanner      : Skipping MapperFactoryBean with name 'researchDao' and 'com.me.dao.ResearchDao' mapperInterface. Bean already defined with the same name!
2018-08-08 10:22:30.908  WARN 4980 --- [main] o.m.s.mapper.ClassPathMapperScanner      : No MyBatis mapper was found in '[com.me.dao]' package. Please check your configuration.
2018-08-08 10:22:32.503  INFO 4980 --- [main] o.s.b.w.embedded.tomcat.TomcatWebServer  : Tomcat initialized with port(s): 8080 (http)
2018-08-08 10:22:32.539  INFO 4980 --- [main] o.apache.catalina.core.StandardService   : Starting service [Tomcat]
2018-08-08 10:22:32.539  INFO 4980 --- [main] org.apache.catalina.core.StandardEngine  : Starting Servlet Engine: Apache Tomcat/8.5.31
2018-08-08 10:22:32.552  INFO 4980 --- [localhost-startStop-1] o.a.catalina.core.AprLifecycleListener   : The APR based Apache Tomcat Native library which allows optimal performance in production environments was not found on the java.library.path: [D:\jdk1.8.0_77\bin;C:\WINDOWS\Sun\Java\bin;C:\WINDOWS\system32;C:\WINDOWS;C:\Users\zc825\AppData\Local\Programs\Python\Python36\Scripts\;C:\Users\zc825\AppData\Local\Programs\Python\Python36\;C:\Program Files\Java\jdk1.7.0_80\bin;C:\Program Files\Java\jdk1.7.0_80\jre\bin;C:\WINDOWS\system32;C:\WINDOWS;C:\WINDOWS\System32\Wbem;C:\WINDOWS\System32\WindowsPowerShell\v1.0\;C:\Program Files (x86)\MySQL\MySQL Server 5.1\bin;D:\apache-maven-3.5.2\bin;D:\phantomjs;C:\Program Files (x86)\Tesseract-OCR;C:\Program Files\nodejs\;C:\Program Files\Git\cmd;C:\WINDOWS\System32\OpenSSH\;C:\Python27;C:\Python27\scripts;C:\Python35;C:\Python36\Scripts\;C:\Python36\;C:\Users\zc825\AppData\Local\Microsoft\WindowsApps;C:\Users\zc825\AppData\Local\Programs\Fiddler;C:\Users\zc825\AppData\Roaming\npm;C:\Users\zc825\AppData\Local\Microsoft\WindowsApps;C:\Users\zc825\AppData\Local\GitHubDesktop\bin;.]
2018-08-08 10:22:32.769  INFO 4980 --- [localhost-startStop-1] o.a.c.c.C.[Tomcat].[localhost].[/]       : Initializing Spring embedded WebApplicationContext
2018-08-08 10:22:32.770  INFO 4980 --- [localhost-startStop-1] o.s.web.context.ContextLoader            : Root WebApplicationContext: initialization completed in 3020 ms
2018-08-08 10:22:33.102  INFO 4980 --- [localhost-startStop-1] o.s.b.w.servlet.ServletRegistrationBean  : Servlet dispatcherServlet mapped to [/]
2018-08-08 10:22:33.138  INFO 4980 --- [localhost-startStop-1] o.s.b.w.servlet.FilterRegistrationBean   : Mapping filter: 'characterEncodingFilter' to: [/*]
2018-08-08 10:22:33.139  INFO 4980 --- [localhost-startStop-1] o.s.b.w.servlet.FilterRegistrationBean   : Mapping filter: 'hiddenHttpMethodFilter' to: [/*]
2018-08-08 10:22:33.139  INFO 4980 --- [localhost-startStop-1] o.s.b.w.servlet.FilterRegistrationBean   : Mapping filter: 'httpPutFormContentFilter' to: [/*]
2018-08-08 10:22:33.140  INFO 4980 --- [localhost-startStop-1] o.s.b.w.servlet.FilterRegistrationBean   : Mapping filter: 'requestContextFilter' to: [/*]
2018-08-08 10:22:33.872  INFO 4980 --- [main] o.s.w.s.handler.SimpleUrlHandlerMapping  : Mapped URL path [/**/favicon.ico] onto handler of type [class org.springframework.web.servlet.resource.ResourceHttpRequestHandler]
2018-08-08 10:22:34.130  INFO 4980 --- [main] s.w.s.m.m.a.RequestMappingHandlerAdapter : Looking for @ControllerAdvice: org.springframework.boot.web.servlet.context.AnnotationConfigServletWebServerApplicationContext@131774fe: startup date [Wed Aug 08 10:22:29 CST 2018]; root of context hierarchy
2018-08-08 10:22:34.216  INFO 4980 --- [main] s.w.s.m.m.a.RequestMappingHandlerMapping : Mapped "{[/index],methods=[GET]}" onto public org.springframework.web.servlet.ModelAndView com.me.controller.ResearchController.index()
2018-08-08 10:22:34.217  INFO 4980 --- [main] s.w.s.m.m.a.RequestMappingHandlerMapping : Mapped "{[/index1]}" onto public java.lang.String com.me.controller.ResearchController.index1()
2018-08-08 10:22:34.218  INFO 4980 --- [main] s.w.s.m.m.a.RequestMappingHandlerMapping : Mapped "{[/research],methods=[GET]}" onto public org.springframework.web.servlet.ModelAndView com.me.controller.ResearchController.research(java.lang.String)
2018-08-08 10:22:34.218  INFO 4980 --- [main] s.w.s.m.m.a.RequestMappingHandlerMapping : Mapped "{[/upload],methods=[POST]}" onto public org.springframework.web.servlet.ModelAndView com.me.controller.ResearchController.upload(org.springframework.web.multipart.MultipartFile[],javax.servlet.http.HttpServletRequest) throws java.io.IOException
2018-08-08 10:22:34.222  INFO 4980 --- [main] s.w.s.m.m.a.RequestMappingHandlerMapping : Mapped "{[/error]}" onto public org.springframework.http.ResponseEntity<java.util.Map<java.lang.String, java.lang.Object>> org.springframework.boot.autoconfigure.web.servlet.error.BasicErrorController.error(javax.servlet.http.HttpServletRequest)
2018-08-08 10:22:34.223  INFO 4980 --- [main] s.w.s.m.m.a.RequestMappingHandlerMapping : Mapped "{[/error],produces=[text/html]}" onto public org.springframework.web.servlet.ModelAndView org.springframework.boot.autoconfigure.web.servlet.error.BasicErrorController.errorHtml(javax.servlet.http.HttpServletRequest,javax.servlet.http.HttpServletResponse)
2018-08-08 10:22:34.251  INFO 4980 --- [main] o.s.w.s.handler.SimpleUrlHandlerMapping  : Mapped URL path [/webjars/**] onto handler of type [class org.springframework.web.servlet.resource.ResourceHttpRequestHandler]
2018-08-08 10:22:34.251  INFO 4980 --- [main] o.s.w.s.handler.SimpleUrlHandlerMapping  : Mapped URL path [/**] onto handler of type [class org.springframework.web.servlet.resource.ResourceHttpRequestHandler]
2018-08-08 10:22:34.445  INFO 4980 --- [main] o.s.b.a.w.s.WelcomePageHandlerMapping    : Adding welcome page template: index
2018-08-08 10:22:34.694  INFO 4980 --- [main] o.s.j.e.a.AnnotationMBeanExporter        : Registering beans for JMX exposure on startup
2018-08-08 10:22:34.695  INFO 4980 --- [main] o.s.j.e.a.AnnotationMBeanExporter        : Bean with name 'dataSource' has been autodetected for JMX exposure
2018-08-08 10:22:34.703  INFO 4980 --- [main] o.s.j.e.a.AnnotationMBeanExporter        : Located MBean 'dataSource': registering with JMX server as MBean [com.alibaba.druid.pool:name=dataSource,type=DruidDataSource]
2018-08-08 10:22:34.751  INFO 4980 --- [main] o.s.b.w.embedded.tomcat.TomcatWebServer  : Tomcat started on port(s): 8080 (http) with context path ''
2018-08-08 10:22:34.757  INFO 4980 --- [main] com.me.DataresearchApplication           : Started DataresearchApplication in 6.111 seconds (JVM running for 7.115)
2018-08-08 10:26:53.036  INFO 848 --- [main] com.me.DataresearchApplication           : Starting DataresearchApplication on DESKTOP-V99GRQQ with PID 848 (D:\IDEAProj\dataresearch\target\classes started by zc825 in D:\IDEAProj\dataresearch)
2018-08-08 10:26:53.057  INFO 848 --- [main] com.me.DataresearchApplication           : No active profile set, falling back to default profiles: default
2018-08-08 10:26:53.253  INFO 848 --- [main] ConfigServletWebServerApplicationContext : Refreshing org.springframework.boot.web.servlet.context.AnnotationConfigServletWebServerApplicationContext@131774fe: startup date [Wed Aug 08 10:26:53 CST 2018]; root of context hierarchy
2018-08-08 10:26:54.603  WARN 848 --- [main] o.m.s.mapper.ClassPathMapperScanner      : Skipping MapperFactoryBean with name 'researchDao' and 'com.me.dao.ResearchDao' mapperInterface. Bean already defined with the same name!
2018-08-08 10:26:54.603  WARN 848 --- [main] o.m.s.mapper.ClassPathMapperScanner      : No MyBatis mapper was found in '[com.me.dao]' package. Please check your configuration.
2018-08-08 10:26:56.146  INFO 848 --- [main] o.s.b.w.embedded.tomcat.TomcatWebServer  : Tomcat initialized with port(s): 8080 (http)
2018-08-08 10:26:56.199  INFO 848 --- [main] o.apache.catalina.core.StandardService   : Starting service [Tomcat]
2018-08-08 10:26:56.200  INFO 848 --- [main] org.apache.catalina.core.StandardEngine  : Starting Servlet Engine: Apache Tomcat/8.5.31
2018-08-08 10:26:56.220  INFO 848 --- [localhost-startStop-1] o.a.catalina.core.AprLifecycleListener   : The APR based Apache Tomcat Native library which allows optimal performance in production environments was not found on the java.library.path: [D:\jdk1.8.0_77\bin;C:\WINDOWS\Sun\Java\bin;C:\WINDOWS\system32;C:\WINDOWS;C:\Users\zc825\AppData\Local\Programs\Python\Python36\Scripts\;C:\Users\zc825\AppData\Local\Programs\Python\Python36\;C:\Program Files\Java\jdk1.7.0_80\bin;C:\Program Files\Java\jdk1.7.0_80\jre\bin;C:\WINDOWS\system32;C:\WINDOWS;C:\WINDOWS\System32\Wbem;C:\WINDOWS\System32\WindowsPowerShell\v1.0\;C:\Program Files (x86)\MySQL\MySQL Server 5.1\bin;D:\apache-maven-3.5.2\bin;D:\phantomjs;C:\Program Files (x86)\Tesseract-OCR;C:\Program Files\nodejs\;C:\Program Files\Git\cmd;C:\WINDOWS\System32\OpenSSH\;C:\Python27;C:\Python27\scripts;C:\Python35;C:\Python36\Scripts\;C:\Python36\;C:\Users\zc825\AppData\Local\Microsoft\WindowsApps;C:\Users\zc825\AppData\Local\Programs\Fiddler;C:\Users\zc825\AppData\Roaming\npm;C:\Users\zc825\AppData\Local\Microsoft\WindowsApps;C:\Users\zc825\AppData\Local\GitHubDesktop\bin;.]
2018-08-08 10:26:56.453  INFO 848 --- [localhost-startStop-1] o.a.c.c.C.[Tomcat].[localhost].[/]       : Initializing Spring embedded WebApplicationContext
2018-08-08 10:26:56.454  INFO 848 --- [localhost-startStop-1] o.s.web.context.ContextLoader            : Root WebApplicationContext: initialization completed in 3201 ms
2018-08-08 10:26:56.727  INFO 848 --- [localhost-startStop-1] o.s.b.w.servlet.ServletRegistrationBean  : Servlet dispatcherServlet mapped to [/]
2018-08-08 10:26:56.734  INFO 848 --- [localhost-startStop-1] o.s.b.w.servlet.FilterRegistrationBean   : Mapping filter: 'characterEncodingFilter' to: [/*]
2018-08-08 10:26:56.737  INFO 848 --- [localhost-startStop-1] o.s.b.w.servlet.FilterRegistrationBean   : Mapping filter: 'hiddenHttpMethodFilter' to: [/*]
2018-08-08 10:26:56.737  INFO 848 --- [localhost-startStop-1] o.s.b.w.servlet.FilterRegistrationBean   : Mapping filter: 'httpPutFormContentFilter' to: [/*]
2018-08-08 10:26:56.737  INFO 848 --- [localhost-startStop-1] o.s.b.w.servlet.FilterRegistrationBean   : Mapping filter: 'requestContextFilter' to: [/*]
2018-08-08 10:26:57.620  INFO 848 --- [main] o.s.w.s.handler.SimpleUrlHandlerMapping  : Mapped URL path [/**/favicon.ico] onto handler of type [class org.springframework.web.servlet.resource.ResourceHttpRequestHandler]
2018-08-08 10:26:58.030  INFO 848 --- [main] s.w.s.m.m.a.RequestMappingHandlerAdapter : Looking for @ControllerAdvice: org.springframework.boot.web.servlet.context.AnnotationConfigServletWebServerApplicationContext@131774fe: startup date [Wed Aug 08 10:26:53 CST 2018]; root of context hierarchy
2018-08-08 10:26:58.168  INFO 848 --- [main] s.w.s.m.m.a.RequestMappingHandlerMapping : Mapped "{[/index],methods=[GET]}" onto public org.springframework.web.servlet.ModelAndView com.me.controller.ResearchController.index()
2018-08-08 10:26:58.169  INFO 848 --- [main] s.w.s.m.m.a.RequestMappingHandlerMapping : Mapped "{[/index1]}" onto public java.lang.String com.me.controller.ResearchController.index1()
2018-08-08 10:26:58.170  INFO 848 --- [main] s.w.s.m.m.a.RequestMappingHandlerMapping : Mapped "{[/upload],methods=[POST]}" onto public org.springframework.web.servlet.ModelAndView com.me.controller.ResearchController.upload(org.springframework.web.multipart.MultipartFile[],javax.servlet.http.HttpServletRequest) throws java.io.IOException
2018-08-08 10:26:58.171  INFO 848 --- [main] s.w.s.m.m.a.RequestMappingHandlerMapping : Mapped "{[/research],methods=[GET]}" onto public org.springframework.web.servlet.ModelAndView com.me.controller.ResearchController.research(java.lang.String)
2018-08-08 10:26:58.176  INFO 848 --- [main] s.w.s.m.m.a.RequestMappingHandlerMapping : Mapped "{[/error]}" onto public org.springframework.http.ResponseEntity<java.util.Map<java.lang.String, java.lang.Object>> org.springframework.boot.autoconfigure.web.servlet.error.BasicErrorController.error(javax.servlet.http.HttpServletRequest)
2018-08-08 10:26:58.178  INFO 848 --- [main] s.w.s.m.m.a.RequestMappingHandlerMapping : Mapped "{[/error],produces=[text/html]}" onto public org.springframework.web.servlet.ModelAndView org.springframework.boot.autoconfigure.web.servlet.error.BasicErrorController.errorHtml(javax.servlet.http.HttpServletRequest,javax.servlet.http.HttpServletResponse)
2018-08-08 10:26:58.221  INFO 848 --- [main] o.s.w.s.handler.SimpleUrlHandlerMapping  : Mapped URL path [/webjars/**] onto handler of type [class org.springframework.web.servlet.resource.ResourceHttpRequestHandler]
2018-08-08 10:26:58.222  INFO 848 --- [main] o.s.w.s.handler.SimpleUrlHandlerMapping  : Mapped URL path [/**] onto handler of type [class org.springframework.web.servlet.resource.ResourceHttpRequestHandler]
2018-08-08 10:26:58.476  INFO 848 --- [main] o.s.b.a.w.s.WelcomePageHandlerMapping    : Adding welcome page template: index
2018-08-08 10:26:58.763  INFO 848 --- [main] o.s.j.e.a.AnnotationMBeanExporter        : Registering beans for JMX exposure on startup
2018-08-08 10:26:58.765  INFO 848 --- [main] o.s.j.e.a.AnnotationMBeanExporter        : Bean with name 'dataSource' has been autodetected for JMX exposure
2018-08-08 10:26:58.775  INFO 848 --- [main] o.s.j.e.a.AnnotationMBeanExporter        : Located MBean 'dataSource': registering with JMX server as MBean [com.alibaba.druid.pool:name=dataSource,type=DruidDataSource]
2018-08-08 10:26:58.832  INFO 848 --- [main] o.s.b.w.embedded.tomcat.TomcatWebServer  : Tomcat started on port(s): 8080 (http) with context path ''
2018-08-08 10:26:58.838  INFO 848 --- [main] com.me.DataresearchApplication           : Started DataresearchApplication in 6.817 seconds (JVM running for 7.889)
2018-08-08 10:27:27.801  INFO 848 --- [http-nio-8080-exec-10] o.a.c.c.C.[Tomcat].[localhost].[/]       : Initializing Spring FrameworkServlet 'dispatcherServlet'
2018-08-08 10:27:27.807  INFO 848 --- [http-nio-8080-exec-10] o.s.web.servlet.DispatcherServlet        : FrameworkServlet 'dispatcherServlet': initialization started
2018-08-08 10:27:27.863  INFO 848 --- [http-nio-8080-exec-10] o.s.web.servlet.DispatcherServlet        : FrameworkServlet 'dispatcherServlet': initialization completed in 56 ms
2018-08-08 10:27:45.748  INFO 848 --- [http-nio-8080-exec-3] com.alibaba.druid.pool.DruidDataSource   : {dataSource-1} inited
2018-08-08 10:43:27.002  INFO 1616 --- [main] com.me.DataresearchApplication           : Starting DataresearchApplication on DESKTOP-V99GRQQ with PID 1616 (D:\IDEAProj\dataresearch\target\classes started by zc825 in D:\IDEAProj\dataresearch)
2018-08-08 10:43:27.017  INFO 1616 --- [main] com.me.DataresearchApplication           : No active profile set, falling back to default profiles: default
2018-08-08 10:43:27.179  INFO 1616 --- [main] ConfigServletWebServerApplicationContext : Refreshing org.springframework.boot.web.servlet.context.AnnotationConfigServletWebServerApplicationContext@57a3af25: startup date [Wed Aug 08 10:43:27 CST 2018]; root of context hierarchy
2018-08-08 10:43:28.253  WARN 1616 --- [main] o.m.s.mapper.ClassPathMapperScanner      : Skipping MapperFactoryBean with name 'researchDao' and 'com.me.dao.ResearchDao' mapperInterface. Bean already defined with the same name!
2018-08-08 10:43:28.254  WARN 1616 --- [main] o.m.s.mapper.ClassPathMapperScanner      : No MyBatis mapper was found in '[com.me.dao]' package. Please check your configuration.
2018-08-08 10:43:29.598  INFO 1616 --- [main] o.s.b.w.embedded.tomcat.TomcatWebServer  : Tomcat initialized with port(s): 8080 (http)
2018-08-08 10:43:29.641  INFO 1616 --- [main] o.apache.catalina.core.StandardService   : Starting service [Tomcat]
2018-08-08 10:43:29.641  INFO 1616 --- [main] org.apache.catalina.core.StandardEngine  : Starting Servlet Engine: Apache Tomcat/8.5.31
2018-08-08 10:43:29.659  INFO 1616 --- [localhost-startStop-1] o.a.catalina.core.AprLifecycleListener   : The APR based Apache Tomcat Native library which allows optimal performance in production environments was not found on the java.library.path: [D:\jdk1.8.0_77\bin;C:\WINDOWS\Sun\Java\bin;C:\WINDOWS\system32;C:\WINDOWS;C:\Users\zc825\AppData\Local\Programs\Python\Python36\Scripts\;C:\Users\zc825\AppData\Local\Programs\Python\Python36\;C:\Program Files\Java\jdk1.7.0_80\bin;C:\Program Files\Java\jdk1.7.0_80\jre\bin;C:\WINDOWS\system32;C:\WINDOWS;C:\WINDOWS\System32\Wbem;C:\WINDOWS\System32\WindowsPowerShell\v1.0\;C:\Program Files (x86)\MySQL\MySQL Server 5.1\bin;D:\apache-maven-3.5.2\bin;D:\phantomjs;C:\Program Files (x86)\Tesseract-OCR;C:\Program Files\nodejs\;C:\Program Files\Git\cmd;C:\WINDOWS\System32\OpenSSH\;C:\Python27;C:\Python27\scripts;C:\Python35;C:\Python36\Scripts\;C:\Python36\;C:\Users\zc825\AppData\Local\Microsoft\WindowsApps;C:\Users\zc825\AppData\Local\Programs\Fiddler;C:\Users\zc825\AppData\Roaming\npm;C:\Users\zc825\AppData\Local\Microsoft\WindowsApps;C:\Users\zc825\AppData\Local\GitHubDesktop\bin;.]
2018-08-08 10:43:29.869  INFO 1616 --- [localhost-startStop-1] o.a.c.c.C.[Tomcat].[localhost].[/]       : Initializing Spring embedded WebApplicationContext
2018-08-08 10:43:29.869  INFO 1616 --- [localhost-startStop-1] o.s.web.context.ContextLoader            : Root WebApplicationContext: initialization completed in 2690 ms
2018-08-08 10:43:30.101  INFO 1616 --- [localhost-startStop-1] o.s.b.w.servlet.ServletRegistrationBean  : Servlet dispatcherServlet mapped to [/]
2018-08-08 10:43:30.107  INFO 1616 --- [localhost-startStop-1] o.s.b.w.servlet.FilterRegistrationBean   : Mapping filter: 'characterEncodingFilter' to: [/*]
2018-08-08 10:43:30.108  INFO 1616 --- [localhost-startStop-1] o.s.b.w.servlet.FilterRegistrationBean   : Mapping filter: 'hiddenHttpMethodFilter' to: [/*]
2018-08-08 10:43:30.108  INFO 1616 --- [localhost-startStop-1] o.s.b.w.servlet.FilterRegistrationBean   : Mapping filter: 'httpPutFormContentFilter' to: [/*]
2018-08-08 10:43:30.108  INFO 1616 --- [localhost-startStop-1] o.s.b.w.servlet.FilterRegistrationBean   : Mapping filter: 'requestContextFilter' to: [/*]
2018-08-08 10:43:30.892  INFO 1616 --- [main] o.s.w.s.handler.SimpleUrlHandlerMapping  : Mapped URL path [/**/favicon.ico] onto handler of type [class org.springframework.web.servlet.resource.ResourceHttpRequestHandler]
2018-08-08 10:43:31.155  INFO 1616 --- [main] s.w.s.m.m.a.RequestMappingHandlerAdapter : Looking for @ControllerAdvice: org.springframework.boot.web.servlet.context.AnnotationConfigServletWebServerApplicationContext@57a3af25: startup date [Wed Aug 08 10:43:27 CST 2018]; root of context hierarchy
2018-08-08 10:43:31.257  INFO 1616 --- [main] s.w.s.m.m.a.RequestMappingHandlerMapping : Mapped "{[/index],methods=[GET]}" onto public org.springframework.web.servlet.ModelAndView com.me.controller.ResearchController.index()
2018-08-08 10:43:31.259  INFO 1616 --- [main] s.w.s.m.m.a.RequestMappingHandlerMapping : Mapped "{[/index1]}" onto public java.lang.String com.me.controller.ResearchController.index1()
2018-08-08 10:43:31.260  INFO 1616 --- [main] s.w.s.m.m.a.RequestMappingHandlerMapping : Mapped "{[/upload],methods=[POST]}" onto public org.springframework.web.servlet.ModelAndView com.me.controller.ResearchController.upload(org.springframework.web.multipart.MultipartFile[],javax.servlet.http.HttpServletRequest) throws java.io.IOException
2018-08-08 10:43:31.260  INFO 1616 --- [main] s.w.s.m.m.a.RequestMappingHandlerMapping : Mapped "{[/research],methods=[GET]}" onto public org.springframework.web.servlet.ModelAndView com.me.controller.ResearchController.research(java.lang.String)
2018-08-08 10:43:31.265  INFO 1616 --- [main] s.w.s.m.m.a.RequestMappingHandlerMapping : Mapped "{[/error]}" onto public org.springframework.http.ResponseEntity<java.util.Map<java.lang.String, java.lang.Object>> org.springframework.boot.autoconfigure.web.servlet.error.BasicErrorController.error(javax.servlet.http.HttpServletRequest)
2018-08-08 10:43:31.266  INFO 1616 --- [main] s.w.s.m.m.a.RequestMappingHandlerMapping : Mapped "{[/error],produces=[text/html]}" onto public org.springframework.web.servlet.ModelAndView org.springframework.boot.autoconfigure.web.servlet.error.BasicErrorController.errorHtml(javax.servlet.http.HttpServletRequest,javax.servlet.http.HttpServletResponse)
2018-08-08 10:43:31.305  INFO 1616 --- [main] o.s.w.s.handler.SimpleUrlHandlerMapping  : Mapped URL path [/webjars/**] onto handler of type [class org.springframework.web.servlet.resource.ResourceHttpRequestHandler]
2018-08-08 10:43:31.306  INFO 1616 --- [main] o.s.w.s.handler.SimpleUrlHandlerMapping  : Mapped URL path [/**] onto handler of type [class org.springframework.web.servlet.resource.ResourceHttpRequestHandler]
2018-08-08 10:43:31.516  INFO 1616 --- [main] o.s.b.a.w.s.WelcomePageHandlerMapping    : Adding welcome page template: index
2018-08-08 10:43:31.779  INFO 1616 --- [main] o.s.j.e.a.AnnotationMBeanExporter        : Registering beans for JMX exposure on startup
2018-08-08 10:43:31.780  INFO 1616 --- [main] o.s.j.e.a.AnnotationMBeanExporter        : Bean with name 'dataSource' has been autodetected for JMX exposure
2018-08-08 10:43:31.787  INFO 1616 --- [main] o.s.j.e.a.AnnotationMBeanExporter        : Located MBean 'dataSource': registering with JMX server as MBean [com.alibaba.druid.pool:name=dataSource,type=DruidDataSource]
2018-08-08 10:43:31.835  INFO 1616 --- [main] o.s.b.w.embedded.tomcat.TomcatWebServer  : Tomcat started on port(s): 8080 (http) with context path ''
2018-08-08 10:43:31.840  INFO 1616 --- [main] com.me.DataresearchApplication           : Started DataresearchApplication in 5.803 seconds (JVM running for 6.905)
2018-08-08 10:43:48.260  INFO 1616 --- [http-nio-8080-exec-1] o.a.c.c.C.[Tomcat].[localhost].[/]       : Initializing Spring FrameworkServlet 'dispatcherServlet'
2018-08-08 10:43:48.260  INFO 1616 --- [http-nio-8080-exec-1] o.s.web.servlet.DispatcherServlet        : FrameworkServlet 'dispatcherServlet': initialization started
2018-08-08 10:43:48.297  INFO 1616 --- [http-nio-8080-exec-1] o.s.web.servlet.DispatcherServlet        : FrameworkServlet 'dispatcherServlet': initialization completed in 36 ms
2018-08-08 10:43:48.740  INFO 1616 --- [http-nio-8080-exec-1] com.alibaba.druid.pool.DruidDataSource   : {dataSource-1} inited
